This file contains any messages produced by compilers while
running configure, to aid debugging if configure makes a mistake.

It was created by zeromq configure 2.1.7, which was
generated by GNU Autoconf 2.67.  Invocation command line was

  $ ./configure 

## --------- ##
## Platform. ##
## --------- ##

hostname = Jim-Rubensteins-MacBook-Pro-2.local
uname -m = i386
uname -r = 10.8.0
uname -s = Darwin
uname -v = Darwin Kernel Version 10.8.0: Tue Jun  7 16:33:36 PDT 2011; root:xnu-1504.15.3~1/RELEASE_I386

/usr/bin/uname -p = i386
/bin/uname -X     = unknown

/bin/arch              = unknown
/usr/bin/arch -k       = unknown
/usr/convex/getsysinfo = unknown
/usr/bin/hostinfo      = Mach kernel version:
	 Darwin Kernel Version 10.8.0: Tue Jun  7 16:33:36 PDT 2011; root:xnu-1504.15.3~1/RELEASE_I386
Kernel configured for up to 4 processors.
2 processors are physically available.
4 processors are logically available.
Processor type: i486 (Intel 80486)
Processors active: 0 1 2 3
Primary memory available: 8.00 gigabytes
Default processor set: 134 tasks, 928 threads, 4 processors
Load average: 0.21, Mach factor: 3.78
/bin/machine           = unknown
/usr/bin/oslevel       = unknown
/bin/universe          = unknown

PATH: /opt/local/bin
PATH: /opt/local/sbin
PATH: /Library/Frameworks/Python.framework/Versions/2.7/bin
PATH: /usr/bin
PATH: /bin
PATH: /usr/sbin
PATH: /sbin
PATH: /usr/local/bin
PATH: /usr/local/git/bin
PATH: /usr/X11/bin
PATH: /Users/jrubenstein/.ec2/bin
PATH: /Users/jrubenstein/.ec2/bin
PATH: {/Users/jrubenstein/android/sdk}/tools
PATH: /usr/local/node/bin
PATH: ~/storm/bin


## ----------- ##
## Core tests. ##
## ----------- ##

configure:2814: checking for a BSD-compatible install
configure:2882: result: /usr/bin/install -c
configure:2893: checking whether build environment is sane
configure:2943: result: yes
configure:3084: checking for a thread-safe mkdir -p
configure:3123: result: config/install-sh -c -d
configure:3136: checking for gawk
configure:3166: result: no
configure:3136: checking for mawk
configure:3166: result: no
configure:3136: checking for nawk
configure:3166: result: no
configure:3136: checking for awk
configure:3152: found /usr/bin/awk
configure:3163: result: awk
configure:3174: checking whether make sets $(MAKE)
configure:3196: result: yes
configure:3271: checking how to create a ustar tar archive
configure:3284: tar --version
bsdtar 2.6.2 - libarchive 2.6.2
configure:3287: $? = 0
configure:3327: tardir=conftest.dir && eval tar --format=ustar -chf - "$tardir" >conftest.tar
configure:3330: $? = 0
configure:3334: tar -xf - <conftest.tar
configure:3337: $? = 0
configure:3350: result: gnutar
configure:3442: checking for gcc
configure:3458: found /usr/bin/gcc
configure:3469: result: gcc
configure:3698: checking for C compiler version
configure:3707: gcc --version >&5
i686-apple-darwin10-gcc-4.2.1 (GCC) 4.2.1 (Apple Inc. build 5664)
Copyright (C) 2007 Free Software Foundation, Inc.
This is free software; see the source for copying conditions.  There is NO
warranty; not even for MERCHANTABILITY or FITNESS FOR A PARTICULAR PURPOSE.

configure:3718: $? = 0
configure:3707: gcc -v >&5
Using built-in specs.
Target: i686-apple-darwin10
Configured with: /var/tmp/gcc/gcc-5664~105/src/configure --disable-checking --enable-werror --prefix=/usr --mandir=/share/man --enable-languages=c,objc,c++,obj-c++ --program-transform-name=/^[cg][^.-]*$/s/$/-4.2/ --with-slibdir=/usr/lib --build=i686-apple-darwin10 --program-prefix=i686-apple-darwin10- --host=x86_64-apple-darwin10 --target=i686-apple-darwin10 --with-gxx-include-dir=/include/c++/4.2.1
Thread model: posix
gcc version 4.2.1 (Apple Inc. build 5664)
configure:3718: $? = 0
configure:3707: gcc -V >&5
gcc-4.2: argument to `-V' is missing
configure:3718: $? = 1
configure:3707: gcc -qversion >&5
i686-apple-darwin10-gcc-4.2.1: no input files
configure:3718: $? = 1
configure:3738: checking whether the C compiler works
configure:3760: gcc    conftest.c  >&5
configure:3764: $? = 0
configure:3812: result: yes
configure:3815: checking for C compiler default output file name
configure:3817: result: a.out
configure:3823: checking for suffix of executables
configure:3830: gcc -o conftest    conftest.c  >&5
configure:3834: $? = 0
configure:3856: result: 
configure:3878: checking whether we are cross compiling
configure:3886: gcc -o conftest    conftest.c  >&5
configure:3890: $? = 0
configure:3897: ./conftest
configure:3901: $? = 0
configure:3916: result: no
configure:3921: checking for suffix of object files
configure:3943: gcc -c   conftest.c >&5
configure:3947: $? = 0
configure:3968: result: o
configure:3972: checking whether we are using the GNU C compiler
configure:3991: gcc -c   conftest.c >&5
configure:3991: $? = 0
configure:4000: result: yes
configure:4009: checking whether gcc accepts -g
configure:4029: gcc -c -g  conftest.c >&5
configure:4029: $? = 0
configure:4070: result: yes
configure:4087: checking for gcc option to accept ISO C89
configure:4151: gcc  -c -g -O2  conftest.c >&5
configure:4151: $? = 0
configure:4164: result: none needed
configure:4195: checking for style of include used by make
configure:4223: result: GNU
configure:4248: checking dependency style of gcc
configure:4358: result: gcc3
configure:4373: checking for gcc option to accept ISO C99
configure:4522: gcc  -c -g -O2  conftest.c >&5
conftest.c:61: error: expected ';', ',' or ')' before 'text'
conftest.c: In function 'main':
conftest.c:115: error: nested functions are disabled, use -fnested-functions to re-enable
conftest.c:115: error: expected '=', ',', ';', 'asm' or '__attribute__' before 'newvar'
conftest.c:115: error: 'newvar' undeclared (first use in this function)
conftest.c:115: error: (Each undeclared identifier is reported only once
conftest.c:115: error: for each function it appears in.)
conftest.c:125: error: 'for' loop initial declaration used outside C99 mode
configure:4522: $? = 1
configure: failed program was:
| /* confdefs.h */
| #define PACKAGE_NAME "zeromq"
| #define PACKAGE_TARNAME "zeromq"
| #define PACKAGE_VERSION "2.1.7"
| #define PACKAGE_STRING "zeromq 2.1.7"
| #define PACKAGE_BUGREPORT "zeromq-dev@lists.zeromq.org"
| #define PACKAGE_URL ""
| #define PACKAGE "zeromq"
| #define VERSION "2.1.7"
| /* end confdefs.h.  */
| #include <stdarg.h>
| #include <stdbool.h>
| #include <stdlib.h>
| #include <wchar.h>
| #include <stdio.h>
| 
| // Check varargs macros.  These examples are taken from C99 6.10.3.5.
| #define debug(...) fprintf (stderr, __VA_ARGS__)
| #define showlist(...) puts (#__VA_ARGS__)
| #define report(test,...) ((test) ? puts (#test) : printf (__VA_ARGS__))
| static void
| test_varargs_macros (void)
| {
|   int x = 1234;
|   int y = 5678;
|   debug ("Flag");
|   debug ("X = %d\n", x);
|   showlist (The first, second, and third items.);
|   report (x>y, "x is %d but y is %d", x, y);
| }
| 
| // Check long long types.
| #define BIG64 18446744073709551615ull
| #define BIG32 4294967295ul
| #define BIG_OK (BIG64 / BIG32 == 4294967297ull && BIG64 % BIG32 == 0)
| #if !BIG_OK
|   your preprocessor is broken;
| #endif
| #if BIG_OK
| #else
|   your preprocessor is broken;
| #endif
| static long long int bignum = -9223372036854775807LL;
| static unsigned long long int ubignum = BIG64;
| 
| struct incomplete_array
| {
|   int datasize;
|   double data[];
| };
| 
| struct named_init {
|   int number;
|   const wchar_t *name;
|   double average;
| };
| 
| typedef const char *ccp;
| 
| static inline int
| test_restrict (ccp restrict text)
| {
|   // See if C++-style comments work.
|   // Iterate through items via the restricted pointer.
|   // Also check for declarations in for loops.
|   for (unsigned int i = 0; *(text+i) != '\0'; ++i)
|     continue;
|   return 0;
| }
| 
| // Check varargs and va_copy.
| static void
| test_varargs (const char *format, ...)
| {
|   va_list args;
|   va_start (args, format);
|   va_list args_copy;
|   va_copy (args_copy, args);
| 
|   const char *str;
|   int number;
|   float fnumber;
| 
|   while (*format)
|     {
|       switch (*format++)
| 	{
| 	case 's': // string
| 	  str = va_arg (args_copy, const char *);
| 	  break;
| 	case 'd': // int
| 	  number = va_arg (args_copy, int);
| 	  break;
| 	case 'f': // float
| 	  fnumber = va_arg (args_copy, double);
| 	  break;
| 	default:
| 	  break;
| 	}
|     }
|   va_end (args_copy);
|   va_end (args);
| }
| 
| int
| main ()
| {
| 
|   // Check bool.
|   _Bool success = false;
| 
|   // Check restrict.
|   if (test_restrict ("String literal") == 0)
|     success = true;
|   char *restrict newvar = "Another string";
| 
|   // Check varargs.
|   test_varargs ("s, d' f .", "string", 65, 34.234);
|   test_varargs_macros ();
| 
|   // Check flexible array members.
|   struct incomplete_array *ia =
|     malloc (sizeof (struct incomplete_array) + (sizeof (double) * 10));
|   ia->datasize = 10;
|   for (int i = 0; i < ia->datasize; ++i)
|     ia->data[i] = i * 1.234;
| 
|   // Check named initializers.
|   struct named_init ni = {
|     .number = 34,
|     .name = L"Test wide string",
|     .average = 543.34343,
|   };
| 
|   ni.number = 58;
| 
|   int dynamic_array[ni.number];
|   dynamic_array[ni.number - 1] = 543;
| 
|   // work around unused variable warnings
|   return (!success || bignum == 0LL || ubignum == 0uLL || newvar[0] == 'x'
| 	  || dynamic_array[ni.number - 1] != 543);
| 
|   ;
|   return 0;
| }
configure:4522: gcc -std=gnu99 -c -g -O2  conftest.c >&5
configure:4522: $? = 0
configure:4542: result: -std=gnu99
configure:4608: checking for g++
configure:4624: found /usr/bin/g++
configure:4635: result: g++
configure:4662: checking for C++ compiler version
configure:4671: g++ --version >&5
i686-apple-darwin10-g++-4.2.1 (GCC) 4.2.1 (Apple Inc. build 5664)
Copyright (C) 2007 Free Software Foundation, Inc.
This is free software; see the source for copying conditions.  There is NO
warranty; not even for MERCHANTABILITY or FITNESS FOR A PARTICULAR PURPOSE.

configure:4682: $? = 0
configure:4671: g++ -v >&5
Using built-in specs.
Target: i686-apple-darwin10
Configured with: /var/tmp/gcc/gcc-5664~105/src/configure --disable-checking --enable-werror --prefix=/usr --mandir=/share/man --enable-languages=c,objc,c++,obj-c++ --program-transform-name=/^[cg][^.-]*$/s/$/-4.2/ --with-slibdir=/usr/lib --build=i686-apple-darwin10 --program-prefix=i686-apple-darwin10- --host=x86_64-apple-darwin10 --target=i686-apple-darwin10 --with-gxx-include-dir=/include/c++/4.2.1
Thread model: posix
gcc version 4.2.1 (Apple Inc. build 5664)
configure:4682: $? = 0
configure:4671: g++ -V >&5
g++-4.2: argument to `-V' is missing
configure:4682: $? = 1
configure:4671: g++ -qversion >&5
i686-apple-darwin10-g++-4.2.1: no input files
configure:4682: $? = 1
configure:4686: checking whether we are using the GNU C++ compiler
configure:4705: g++ -c   conftest.cpp >&5
configure:4705: $? = 0
configure:4714: result: yes
configure:4723: checking whether g++ accepts -g
configure:4743: g++ -c -g  conftest.cpp >&5
configure:4743: $? = 0
configure:4784: result: yes
configure:4809: checking dependency style of g++
configure:4919: result: gcc3
configure:4935: checking whether gcc -std=gnu99 and cc understand -c and -o together
configure:4966: gcc -std=gnu99 -c conftest.c -o conftest2.o >&5
configure:4970: $? = 0
configure:4976: gcc -std=gnu99 -c conftest.c -o conftest2.o >&5
configure:4980: $? = 0
configure:4991: cc -c conftest.c >&5
configure:4995: $? = 0
configure:5003: cc -c conftest.c -o conftest2.o >&5
configure:5007: $? = 0
configure:5013: cc -c conftest.c -o conftest2.o >&5
configure:5017: $? = 0
configure:5035: result: yes
configure:5060: checking for a sed that does not truncate output
configure:5124: result: /opt/local/bin/gsed
configure:5133: checking for gawk
configure:5160: result: awk
configure:5175: checking for xmlto
configure:5208: result: no
configure:5216: checking for asciidoc
configure:5249: result: no
configure:5258: checking build system type
configure:5272: result: x86_64-apple-darwin10.8.0
configure:5292: checking host system type
configure:5305: result: x86_64-apple-darwin10.8.0
configure:5725: checking for a sed that does not truncate output
configure:5789: result: /opt/local/bin/gsed
configure:5807: checking for grep that handles long lines and -e
configure:5865: result: /usr/bin/grep
configure:5870: checking for egrep
configure:5932: result: /usr/bin/grep -E
configure:5937: checking for fgrep
configure:5999: result: /usr/bin/grep -F
configure:6034: checking for ld used by gcc -std=gnu99
configure:6101: result: /usr/libexec/gcc/i686-apple-darwin10/4.2.1/ld
configure:6108: checking if the linker (/usr/libexec/gcc/i686-apple-darwin10/4.2.1/ld) is GNU ld
configure:6123: result: no
configure:6135: checking for BSD- or MS-compatible name lister (nm)
configure:6184: result: /usr/bin/nm
configure:6302: checking the name lister (/usr/bin/nm) interface
configure:6309: gcc -std=gnu99 -c -g -O2  conftest.c >&5
configure:6312: /usr/bin/nm "conftest.o"
configure:6315: output
000000000000018c D _some_variable
configure:6322: result: BSD nm
configure:6325: checking whether ln -s works
configure:6329: result: yes
configure:6337: checking the maximum length of command line arguments
configure:6457: result: 196608
configure:6474: checking whether the shell understands some XSI constructs
configure:6484: result: yes
configure:6488: checking whether the shell understands "+="
configure:6494: result: yes
configure:6529: checking for /usr/libexec/gcc/i686-apple-darwin10/4.2.1/ld option to reload object files
configure:6536: result: -r
configure:6605: checking for objdump
configure:6632: result: objdump
configure:6661: checking how to recognize dependent libraries
configure:6857: result: pass_all
configure:6917: checking for ar
configure:6933: found /usr/bin/ar
configure:6944: result: ar
configure:7022: checking for strip
configure:7038: found /usr/bin/strip
configure:7049: result: strip
configure:7121: checking for ranlib
configure:7137: found /usr/bin/ranlib
configure:7148: result: ranlib
configure:7238: checking command to parse /usr/bin/nm output from gcc -std=gnu99 object
configure:7356: gcc -std=gnu99 -c -g -O2  conftest.c >&5
configure:7359: $? = 0
configure:7363: /usr/bin/nm conftest.o \| sed -n -e 's/^.*[	 ]\([BCDEGRST][BCDEGRST]*\)[	 ][	 ]*\([_A-Za-z][_A-Za-z0-9]*\)$/\1 \2 \2/p' \> conftest.nm
configure:7366: $? = 0
cannot find nm_test_var in conftest.nm
configure:7356: gcc -std=gnu99 -c -g -O2  conftest.c >&5
configure:7359: $? = 0
configure:7363: /usr/bin/nm conftest.o \| sed -n -e 's/^.*[	 ]\([BCDEGRST][BCDEGRST]*\)[	 ][	 ]*_\([_A-Za-z][_A-Za-z0-9]*\)$/\1 _\2 \2/p' \> conftest.nm
configure:7366: $? = 0
configure:7420: gcc -std=gnu99 -o conftest -g -O2   conftest.c conftstm.o >&5
configure:7423: $? = 0
configure:7461: result: ok
configure:7726: checking for dsymutil
configure:7742: found /usr/bin/dsymutil
configure:7753: result: dsymutil
configure:7818: checking for nmedit
configure:7834: found /usr/bin/nmedit
configure:7845: result: nmedit
configure:7910: checking for lipo
configure:7926: found /usr/bin/lipo
configure:7937: result: lipo
configure:8002: checking for otool
configure:8018: found /usr/bin/otool
configure:8029: result: otool
configure:8094: checking for otool64
configure:8124: result: no
configure:8169: checking for -single_module linker flag
gcc -std=gnu99 -g -O2  -o libconftest.dylib -dynamiclib -Wl,-single_module conftest.c
configure:8196: result: yes
configure:8198: checking for -exported_symbols_list linker flag
configure:8218: gcc -std=gnu99 -o conftest -g -O2   -Wl,-exported_symbols_list,conftest.sym conftest.c  >&5
configure:8218: $? = 0
configure:8228: result: yes
configure:8270: checking how to run the C preprocessor
configure:8301: gcc -std=gnu99 -E  conftest.c
configure:8301: $? = 0
configure:8315: gcc -std=gnu99 -E  conftest.c
conftest.c:11:28: error: ac_nonexistent.h: No such file or directory
configure:8315: $? = 1
configure: failed program was:
| /* confdefs.h */
| #define PACKAGE_NAME "zeromq"
| #define PACKAGE_TARNAME "zeromq"
| #define PACKAGE_VERSION "2.1.7"
| #define PACKAGE_STRING "zeromq 2.1.7"
| #define PACKAGE_BUGREPORT "zeromq-dev@lists.zeromq.org"
| #define PACKAGE_URL ""
| #define PACKAGE "zeromq"
| #define VERSION "2.1.7"
| /* end confdefs.h.  */
| #include <ac_nonexistent.h>
configure:8340: result: gcc -std=gnu99 -E
configure:8360: gcc -std=gnu99 -E  conftest.c
configure:8360: $? = 0
configure:8374: gcc -std=gnu99 -E  conftest.c
conftest.c:11:28: error: ac_nonexistent.h: No such file or directory
configure:8374: $? = 1
configure: failed program was:
| /* confdefs.h */
| #define PACKAGE_NAME "zeromq"
| #define PACKAGE_TARNAME "zeromq"
| #define PACKAGE_VERSION "2.1.7"
| #define PACKAGE_STRING "zeromq 2.1.7"
| #define PACKAGE_BUGREPORT "zeromq-dev@lists.zeromq.org"
| #define PACKAGE_URL ""
| #define PACKAGE "zeromq"
| #define VERSION "2.1.7"
| /* end confdefs.h.  */
| #include <ac_nonexistent.h>
configure:8403: checking for ANSI C header files
configure:8423: gcc -std=gnu99 -c -g -O2  conftest.c >&5
configure:8423: $? = 0
configure:8496: gcc -std=gnu99 -o conftest -g -O2   conftest.c  >&5
configure:8496: $? = 0
configure:8496: ./conftest
configure:8496: $? = 0
configure:8507: result: yes
configure:8520: checking for sys/types.h
configure:8520: gcc -std=gnu99 -c -g -O2  conftest.c >&5
configure:8520: $? = 0
configure:8520: result: yes
configure:8520: checking for sys/stat.h
configure:8520: gcc -std=gnu99 -c -g -O2  conftest.c >&5
configure:8520: $? = 0
configure:8520: result: yes
configure:8520: checking for stdlib.h
configure:8520: gcc -std=gnu99 -c -g -O2  conftest.c >&5
configure:8520: $? = 0
configure:8520: result: yes
configure:8520: checking for string.h
configure:8520: gcc -std=gnu99 -c -g -O2  conftest.c >&5
configure:8520: $? = 0
configure:8520: result: yes
configure:8520: checking for memory.h
configure:8520: gcc -std=gnu99 -c -g -O2  conftest.c >&5
configure:8520: $? = 0
configure:8520: result: yes
configure:8520: checking for strings.h
configure:8520: gcc -std=gnu99 -c -g -O2  conftest.c >&5
configure:8520: $? = 0
configure:8520: result: yes
configure:8520: checking for inttypes.h
configure:8520: gcc -std=gnu99 -c -g -O2  conftest.c >&5
configure:8520: $? = 0
configure:8520: result: yes
configure:8520: checking for stdint.h
configure:8520: gcc -std=gnu99 -c -g -O2  conftest.c >&5
configure:8520: $? = 0
configure:8520: result: yes
configure:8520: checking for unistd.h
configure:8520: gcc -std=gnu99 -c -g -O2  conftest.c >&5
configure:8520: $? = 0
configure:8520: result: yes
configure:8534: checking for dlfcn.h
configure:8534: gcc -std=gnu99 -c -g -O2  conftest.c >&5
configure:8534: $? = 0
configure:8534: result: yes
configure:8659: checking for C++ compiler version
configure:8668: g++ --version >&5
i686-apple-darwin10-g++-4.2.1 (GCC) 4.2.1 (Apple Inc. build 5664)
Copyright (C) 2007 Free Software Foundation, Inc.
This is free software; see the source for copying conditions.  There is NO
warranty; not even for MERCHANTABILITY or FITNESS FOR A PARTICULAR PURPOSE.

configure:8679: $? = 0
configure:8668: g++ -v >&5
Using built-in specs.
Target: i686-apple-darwin10
Configured with: /var/tmp/gcc/gcc-5664~105/src/configure --disable-checking --enable-werror --prefix=/usr --mandir=/share/man --enable-languages=c,objc,c++,obj-c++ --program-transform-name=/^[cg][^.-]*$/s/$/-4.2/ --with-slibdir=/usr/lib --build=i686-apple-darwin10 --program-prefix=i686-apple-darwin10- --host=x86_64-apple-darwin10 --target=i686-apple-darwin10 --with-gxx-include-dir=/include/c++/4.2.1
Thread model: posix
gcc version 4.2.1 (Apple Inc. build 5664)
configure:8679: $? = 0
configure:8668: g++ -V >&5
g++-4.2: argument to `-V' is missing
configure:8679: $? = 1
configure:8668: g++ -qversion >&5
i686-apple-darwin10-g++-4.2.1: no input files
configure:8679: $? = 1
configure:8683: checking whether we are using the GNU C++ compiler
configure:8711: result: yes
configure:8720: checking whether g++ accepts -g
configure:8781: result: yes
configure:8806: checking dependency style of g++
configure:8916: result: gcc3
configure:8939: checking how to run the C++ preprocessor
configure:8966: g++ -E  conftest.cpp
configure:8966: $? = 0
configure:8980: g++ -E  conftest.cpp
conftest.cpp:22:28: error: ac_nonexistent.h: No such file or directory
configure:8980: $? = 1
configure: failed program was:
| /* confdefs.h */
| #define PACKAGE_NAME "zeromq"
| #define PACKAGE_TARNAME "zeromq"
| #define PACKAGE_VERSION "2.1.7"
| #define PACKAGE_STRING "zeromq 2.1.7"
| #define PACKAGE_BUGREPORT "zeromq-dev@lists.zeromq.org"
| #define PACKAGE_URL ""
| #define PACKAGE "zeromq"
| #define VERSION "2.1.7"
| #define STDC_HEADERS 1
| #define HAVE_SYS_TYPES_H 1
| #define HAVE_SYS_STAT_H 1
| #define HAVE_STDLIB_H 1
| #define HAVE_STRING_H 1
| #define HAVE_MEMORY_H 1
| #define HAVE_STRINGS_H 1
| #define HAVE_INTTYPES_H 1
| #define HAVE_STDINT_H 1
| #define HAVE_UNISTD_H 1
| #define HAVE_DLFCN_H 1
| /* end confdefs.h.  */
| #include <ac_nonexistent.h>
configure:9005: result: g++ -E
configure:9025: g++ -E  conftest.cpp
configure:9025: $? = 0
configure:9039: g++ -E  conftest.cpp
conftest.cpp:22:28: error: ac_nonexistent.h: No such file or directory
configure:9039: $? = 1
configure: failed program was:
| /* confdefs.h */
| #define PACKAGE_NAME "zeromq"
| #define PACKAGE_TARNAME "zeromq"
| #define PACKAGE_VERSION "2.1.7"
| #define PACKAGE_STRING "zeromq 2.1.7"
| #define PACKAGE_BUGREPORT "zeromq-dev@lists.zeromq.org"
| #define PACKAGE_URL ""
| #define PACKAGE "zeromq"
| #define VERSION "2.1.7"
| #define STDC_HEADERS 1
| #define HAVE_SYS_TYPES_H 1
| #define HAVE_SYS_STAT_H 1
| #define HAVE_STDLIB_H 1
| #define HAVE_STRING_H 1
| #define HAVE_MEMORY_H 1
| #define HAVE_STRINGS_H 1
| #define HAVE_INTTYPES_H 1
| #define HAVE_STDINT_H 1
| #define HAVE_UNISTD_H 1
| #define HAVE_DLFCN_H 1
| /* end confdefs.h.  */
| #include <ac_nonexistent.h>
configure:9213: checking for objdir
configure:9228: result: .libs
configure:9524: checking if gcc -std=gnu99 supports -fno-rtti -fno-exceptions
configure:9542: gcc -std=gnu99 -c -g -O2  -fno-rtti -fno-exceptions conftest.c >&5
cc1: warning: command line option "-fno-rtti" is valid for C++/ObjC++ but not for C
configure:9546: $? = 0
configure:9559: result: no
configure:9579: checking for gcc -std=gnu99 option to produce PIC
configure:9851: result: -fno-common -DPIC
configure:9863: checking if gcc -std=gnu99 PIC flag -fno-common -DPIC works
configure:9881: gcc -std=gnu99 -c -g -O2  -fno-common -DPIC -DPIC conftest.c >&5
configure:9885: $? = 0
configure:9898: result: yes
configure:9922: checking if gcc -std=gnu99 static flag -static works
configure:9950: result: no
configure:9965: checking if gcc -std=gnu99 supports -c -o file.o
configure:9986: gcc -std=gnu99 -c -g -O2  -o out/conftest2.o conftest.c >&5
configure:9990: $? = 0
configure:10012: result: yes
configure:10020: checking if gcc -std=gnu99 supports -c -o file.o
configure:10067: result: yes
configure:10100: checking whether the gcc -std=gnu99 linker (/usr/libexec/gcc/i686-apple-darwin10/4.2.1/ld) supports shared libraries
configure:11091: result: yes
configure:11330: checking dynamic linker characteristics
configure:11993: result: darwin10.8.0 dyld
configure:12095: checking how to hardcode library paths into programs
configure:12120: result: immediate
configure:12640: checking whether stripping libraries is possible
configure:12654: result: yes
configure:12680: checking if libtool supports shared libraries
configure:12682: result: yes
configure:12685: checking whether to build shared libraries
configure:12706: result: yes
configure:12709: checking whether to build static libraries
configure:12713: result: yes
configure:12863: checking for ld used by g++
configure:12930: result: /usr/libexec/gcc/i686-apple-darwin10/4.2.1/ld
configure:12937: checking if the linker (/usr/libexec/gcc/i686-apple-darwin10/4.2.1/ld) is GNU ld
configure:12952: result: no
configure:13007: checking whether the g++ linker (/usr/libexec/gcc/i686-apple-darwin10/4.2.1/ld) supports shared libraries
configure:13920: result: yes
configure:13948: g++ -c -g -O2  conftest.cpp >&5
configure:13951: $? = 0
configure:14133: checking for g++ option to produce PIC
configure:14450: result: -fno-common -DPIC
configure:14459: checking if g++ PIC flag -fno-common -DPIC works
configure:14477: g++ -c -g -O2  -fno-common -DPIC -DPIC conftest.cpp >&5
configure:14481: $? = 0
configure:14494: result: yes
configure:14515: checking if g++ static flag -static works
configure:14543: result: no
configure:14555: checking if g++ supports -c -o file.o
configure:14576: g++ -c -g -O2  -o out/conftest2.o conftest.cpp >&5
configure:14580: $? = 0
configure:14602: result: yes
configure:14607: checking if g++ supports -c -o file.o
configure:14654: result: yes
configure:14684: checking whether the g++ linker (/usr/libexec/gcc/i686-apple-darwin10/4.2.1/ld) supports shared libraries
configure:14713: result: yes
configure:14850: checking dynamic linker characteristics
configure:15461: result: darwin10.8.0 dyld
configure:15512: checking how to hardcode library paths into programs
configure:15537: result: immediate
configure:15607: checking whether the C compiler works
configure:15623: gcc -std=gnu99 -o conftest -g -O2   conftest.c  >&5
configure:15623: $? = 0
configure:15632: result: yes
configure:15640: checking whether we are using Intel C compiler
configure:15659: gcc -std=gnu99 -c -g -O2  conftest.c >&5
conftest.c: In function 'main':
conftest.c:28: error: 'error' undeclared (first use in this function)
conftest.c:28: error: (Each undeclared identifier is reported only once
conftest.c:28: error: for each function it appears in.)
conftest.c:28: error: expected ';' before 'if'
configure:15659: $? = 1
configure: failed program was:
| /* confdefs.h */
| #define PACKAGE_NAME "zeromq"
| #define PACKAGE_TARNAME "zeromq"
| #define PACKAGE_VERSION "2.1.7"
| #define PACKAGE_STRING "zeromq 2.1.7"
| #define PACKAGE_BUGREPORT "zeromq-dev@lists.zeromq.org"
| #define PACKAGE_URL ""
| #define PACKAGE "zeromq"
| #define VERSION "2.1.7"
| #define STDC_HEADERS 1
| #define HAVE_SYS_TYPES_H 1
| #define HAVE_SYS_STAT_H 1
| #define HAVE_STDLIB_H 1
| #define HAVE_STRING_H 1
| #define HAVE_MEMORY_H 1
| #define HAVE_STRINGS_H 1
| #define HAVE_INTTYPES_H 1
| #define HAVE_STDINT_H 1
| #define HAVE_UNISTD_H 1
| #define HAVE_DLFCN_H 1
| #define LT_OBJDIR ".libs/"
| /* end confdefs.h.  */
| 
| int
| main ()
| {
| #ifndef __INTEL_COMPILER
|        error if not ICC
| #endif
| 
|   ;
|   return 0;
| }
configure:15667: result: no
configure:15669: checking whether we are using Sun Studio C compiler
configure:15688: gcc -std=gnu99 -c -g -O2  conftest.c >&5
conftest.c: In function 'main':
conftest.c:28: error: 'error' undeclared (first use in this function)
conftest.c:28: error: (Each undeclared identifier is reported only once
conftest.c:28: error: for each function it appears in.)
conftest.c:28: error: expected ';' before 'if'
configure:15688: $? = 1
configure: failed program was:
| /* confdefs.h */
| #define PACKAGE_NAME "zeromq"
| #define PACKAGE_TARNAME "zeromq"
| #define PACKAGE_VERSION "2.1.7"
| #define PACKAGE_STRING "zeromq 2.1.7"
| #define PACKAGE_BUGREPORT "zeromq-dev@lists.zeromq.org"
| #define PACKAGE_URL ""
| #define PACKAGE "zeromq"
| #define VERSION "2.1.7"
| #define STDC_HEADERS 1
| #define HAVE_SYS_TYPES_H 1
| #define HAVE_SYS_STAT_H 1
| #define HAVE_STDLIB_H 1
| #define HAVE_STRING_H 1
| #define HAVE_MEMORY_H 1
| #define HAVE_STRINGS_H 1
| #define HAVE_INTTYPES_H 1
| #define HAVE_STDINT_H 1
| #define HAVE_UNISTD_H 1
| #define HAVE_DLFCN_H 1
| #define LT_OBJDIR ".libs/"
| /* end confdefs.h.  */
| 
| int
| main ()
| {
| #if !defined(__SUNPRO_CC) && !defined(__SUNPRO_C)
|        error if not sun studio
| #endif
| 
|   ;
|   return 0;
| }
configure:15696: result: no
configure:15698: checking whether we are using clang C compiler
configure:15717: gcc -std=gnu99 -c -g -O2  conftest.c >&5
conftest.c: In function 'main':
conftest.c:28: error: 'error' undeclared (first use in this function)
conftest.c:28: error: (Each undeclared identifier is reported only once
conftest.c:28: error: for each function it appears in.)
conftest.c:28: error: expected ';' before 'if'
configure:15717: $? = 1
configure: failed program was:
| /* confdefs.h */
| #define PACKAGE_NAME "zeromq"
| #define PACKAGE_TARNAME "zeromq"
| #define PACKAGE_VERSION "2.1.7"
| #define PACKAGE_STRING "zeromq 2.1.7"
| #define PACKAGE_BUGREPORT "zeromq-dev@lists.zeromq.org"
| #define PACKAGE_URL ""
| #define PACKAGE "zeromq"
| #define VERSION "2.1.7"
| #define STDC_HEADERS 1
| #define HAVE_SYS_TYPES_H 1
| #define HAVE_SYS_STAT_H 1
| #define HAVE_STDLIB_H 1
| #define HAVE_STRING_H 1
| #define HAVE_MEMORY_H 1
| #define HAVE_STRINGS_H 1
| #define HAVE_INTTYPES_H 1
| #define HAVE_STDINT_H 1
| #define HAVE_UNISTD_H 1
| #define HAVE_DLFCN_H 1
| #define LT_OBJDIR ".libs/"
| /* end confdefs.h.  */
| 
| int
| main ()
| {
| #ifndef __clang__
|        error if not clang
| #endif
| 
|   ;
|   return 0;
| }
configure:15725: result: no
configure:15727: checking whether we are using gcc >= 4 C compiler
configure:15746: gcc -std=gnu99 -c -g -O2  conftest.c >&5
configure:15746: $? = 0
configure:15754: result: yes
configure:15771: checking whether the C++ compiler works
configure:15787: g++ -o conftest -g -O2   conftest.cpp  >&5
configure:15787: $? = 0
configure:15796: result: yes
configure:15804: checking whether we are using Intel C++ compiler
configure:15823: g++ -c -g -O2  conftest.cpp >&5
conftest.cpp: In function 'int main()':
conftest.cpp:28: error: 'error' was not declared in this scope
conftest.cpp:28: error: expected `;' before 'if'
configure:15823: $? = 1
configure: failed program was:
| /* confdefs.h */
| #define PACKAGE_NAME "zeromq"
| #define PACKAGE_TARNAME "zeromq"
| #define PACKAGE_VERSION "2.1.7"
| #define PACKAGE_STRING "zeromq 2.1.7"
| #define PACKAGE_BUGREPORT "zeromq-dev@lists.zeromq.org"
| #define PACKAGE_URL ""
| #define PACKAGE "zeromq"
| #define VERSION "2.1.7"
| #define STDC_HEADERS 1
| #define HAVE_SYS_TYPES_H 1
| #define HAVE_SYS_STAT_H 1
| #define HAVE_STDLIB_H 1
| #define HAVE_STRING_H 1
| #define HAVE_MEMORY_H 1
| #define HAVE_STRINGS_H 1
| #define HAVE_INTTYPES_H 1
| #define HAVE_STDINT_H 1
| #define HAVE_UNISTD_H 1
| #define HAVE_DLFCN_H 1
| #define LT_OBJDIR ".libs/"
| /* end confdefs.h.  */
| 
| int
| main ()
| {
| #ifndef __INTEL_COMPILER
|        error if not ICC
| #endif
| 
|   ;
|   return 0;
| }
configure:15831: result: no
configure:15833: checking whether we are using Sun Studio C++ compiler
configure:15852: g++ -c -g -O2  conftest.cpp >&5
conftest.cpp: In function 'int main()':
conftest.cpp:28: error: 'error' was not declared in this scope
conftest.cpp:28: error: expected `;' before 'if'
configure:15852: $? = 1
configure: failed program was:
| /* confdefs.h */
| #define PACKAGE_NAME "zeromq"
| #define PACKAGE_TARNAME "zeromq"
| #define PACKAGE_VERSION "2.1.7"
| #define PACKAGE_STRING "zeromq 2.1.7"
| #define PACKAGE_BUGREPORT "zeromq-dev@lists.zeromq.org"
| #define PACKAGE_URL ""
| #define PACKAGE "zeromq"
| #define VERSION "2.1.7"
| #define STDC_HEADERS 1
| #define HAVE_SYS_TYPES_H 1
| #define HAVE_SYS_STAT_H 1
| #define HAVE_STDLIB_H 1
| #define HAVE_STRING_H 1
| #define HAVE_MEMORY_H 1
| #define HAVE_STRINGS_H 1
| #define HAVE_INTTYPES_H 1
| #define HAVE_STDINT_H 1
| #define HAVE_UNISTD_H 1
| #define HAVE_DLFCN_H 1
| #define LT_OBJDIR ".libs/"
| /* end confdefs.h.  */
| 
| int
| main ()
| {
| #if !defined(__SUNPRO_CC) && !defined(__SUNPRO_C)
|        error if not sun studio
| #endif
| 
|   ;
|   return 0;
| }
configure:15860: result: no
configure:15862: checking whether we are using clang C++ compiler
configure:15881: g++ -c -g -O2  conftest.cpp >&5
conftest.cpp: In function 'int main()':
conftest.cpp:28: error: 'error' was not declared in this scope
conftest.cpp:28: error: expected `;' before 'if'
configure:15881: $? = 1
configure: failed program was:
| /* confdefs.h */
| #define PACKAGE_NAME "zeromq"
| #define PACKAGE_TARNAME "zeromq"
| #define PACKAGE_VERSION "2.1.7"
| #define PACKAGE_STRING "zeromq 2.1.7"
| #define PACKAGE_BUGREPORT "zeromq-dev@lists.zeromq.org"
| #define PACKAGE_URL ""
| #define PACKAGE "zeromq"
| #define VERSION "2.1.7"
| #define STDC_HEADERS 1
| #define HAVE_SYS_TYPES_H 1
| #define HAVE_SYS_STAT_H 1
| #define HAVE_STDLIB_H 1
| #define HAVE_STRING_H 1
| #define HAVE_MEMORY_H 1
| #define HAVE_STRINGS_H 1
| #define HAVE_INTTYPES_H 1
| #define HAVE_STDINT_H 1
| #define HAVE_UNISTD_H 1
| #define HAVE_DLFCN_H 1
| #define LT_OBJDIR ".libs/"
| /* end confdefs.h.  */
| 
| int
| main ()
| {
| #ifndef __clang__
|        error if not clang
| #endif
| 
|   ;
|   return 0;
| }
configure:15889: result: no
configure:15891: checking whether we are using gcc >= 4 C++ compiler
configure:15910: g++ -c -g -O2  conftest.cpp >&5
configure:15910: $? = 0
configure:15918: result: yes
configure:15952: checking whether to enable debugging information
configure:15990: result: no
configure:16007: checking whether to enable code coverage
configure:16038: result: no
configure:16044: checking for pthread_create in -lpthread
configure:16069: gcc -std=gnu99 -o conftest -g -O2   conftest.c -lpthread   >&5
configure:16069: $? = 0
configure:16078: result: yes
configure:16455: checking whether C++ compiler supports -Wno-uninitialized
configure:16487: g++ -c -g -O2 -D_DARWIN_C_SOURCE -D_REENTRANT -D_THREAD_SAFE  -Wno-uninitialized conftest.cpp >&5
configure:16487: $? = 0
configure:16518: result: yes
configure:17186: checking whether C++ compiler supports -fvisibility=hidden
configure:17218: g++ -c -g -O2 -Wno-uninitialized -D_DARWIN_C_SOURCE -D_REENTRANT -D_THREAD_SAFE  -fvisibility=hidden conftest.cpp >&5
configure:17218: $? = 0
configure:17249: result: yes
configure:17335: checking whether C++ compiler supports dso visibility
configure:17339: result: yes
configure:17483: checking for asciidoc
configure:17511: result: no
configure:17521: checking for xmlto
configure:17549: result: no
configure:17575: checking whether to build documentation
configure:17577: result: no
configure:17580: checking whether to install manpages
configure:17582: result: yes
configure:17604: checking for ANSI C header files
configure:17708: result: yes
configure:17720: checking errno.h usability
configure:17720: gcc -std=gnu99 -c -g -O2 -Wno-uninitialized -D_DARWIN_C_SOURCE -D_REENTRANT -D_THREAD_SAFE  conftest.c >&5
configure:17720: $? = 0
configure:17720: result: yes
configure:17720: checking errno.h presence
configure:17720: gcc -std=gnu99 -E -Wno-uninitialized -D_DARWIN_C_SOURCE -D_REENTRANT -D_THREAD_SAFE  conftest.c
configure:17720: $? = 0
configure:17720: result: yes
configure:17720: checking for errno.h
configure:17720: result: yes
configure:17720: checking arpa/inet.h usability
configure:17720: gcc -std=gnu99 -c -g -O2 -Wno-uninitialized -D_DARWIN_C_SOURCE -D_REENTRANT -D_THREAD_SAFE  conftest.c >&5
configure:17720: $? = 0
configure:17720: result: yes
configure:17720: checking arpa/inet.h presence
configure:17720: gcc -std=gnu99 -E -Wno-uninitialized -D_DARWIN_C_SOURCE -D_REENTRANT -D_THREAD_SAFE  conftest.c
configure:17720: $? = 0
configure:17720: result: yes
configure:17720: checking for arpa/inet.h
configure:17720: result: yes
configure:17720: checking netinet/tcp.h usability
configure:17720: gcc -std=gnu99 -c -g -O2 -Wno-uninitialized -D_DARWIN_C_SOURCE -D_REENTRANT -D_THREAD_SAFE  conftest.c >&5
configure:17720: $? = 0
configure:17720: result: yes
configure:17720: checking netinet/tcp.h presence
configure:17720: gcc -std=gnu99 -E -Wno-uninitialized -D_DARWIN_C_SOURCE -D_REENTRANT -D_THREAD_SAFE  conftest.c
configure:17720: $? = 0
configure:17720: result: yes
configure:17720: checking for netinet/tcp.h
configure:17720: result: yes
configure:17720: checking netinet/in.h usability
configure:17720: gcc -std=gnu99 -c -g -O2 -Wno-uninitialized -D_DARWIN_C_SOURCE -D_REENTRANT -D_THREAD_SAFE  conftest.c >&5
configure:17720: $? = 0
configure:17720: result: yes
configure:17720: checking netinet/in.h presence
configure:17720: gcc -std=gnu99 -E -Wno-uninitialized -D_DARWIN_C_SOURCE -D_REENTRANT -D_THREAD_SAFE  conftest.c
configure:17720: $? = 0
configure:17720: result: yes
configure:17720: checking for netinet/in.h
configure:17720: result: yes
configure:17720: checking stddef.h usability
configure:17720: gcc -std=gnu99 -c -g -O2 -Wno-uninitialized -D_DARWIN_C_SOURCE -D_REENTRANT -D_THREAD_SAFE  conftest.c >&5
configure:17720: $? = 0
configure:17720: result: yes
configure:17720: checking stddef.h presence
configure:17720: gcc -std=gnu99 -E -Wno-uninitialized -D_DARWIN_C_SOURCE -D_REENTRANT -D_THREAD_SAFE  conftest.c
configure:17720: $? = 0
configure:17720: result: yes
configure:17720: checking for stddef.h
configure:17720: result: yes
configure:17720: checking for stdlib.h
configure:17720: result: yes
configure:17720: checking for string.h
configure:17720: result: yes
configure:17720: checking sys/socket.h usability
configure:17720: gcc -std=gnu99 -c -g -O2 -Wno-uninitialized -D_DARWIN_C_SOURCE -D_REENTRANT -D_THREAD_SAFE  conftest.c >&5
configure:17720: $? = 0
configure:17720: result: yes
configure:17720: checking sys/socket.h presence
configure:17720: gcc -std=gnu99 -E -Wno-uninitialized -D_DARWIN_C_SOURCE -D_REENTRANT -D_THREAD_SAFE  conftest.c
configure:17720: $? = 0
configure:17720: result: yes
configure:17720: checking for sys/socket.h
configure:17720: result: yes
configure:17720: checking sys/time.h usability
configure:17720: gcc -std=gnu99 -c -g -O2 -Wno-uninitialized -D_DARWIN_C_SOURCE -D_REENTRANT -D_THREAD_SAFE  conftest.c >&5
configure:17720: $? = 0
configure:17720: result: yes
configure:17720: checking sys/time.h presence
configure:17720: gcc -std=gnu99 -E -Wno-uninitialized -D_DARWIN_C_SOURCE -D_REENTRANT -D_THREAD_SAFE  conftest.c
configure:17720: $? = 0
configure:17720: result: yes
configure:17720: checking for sys/time.h
configure:17720: result: yes
configure:17720: checking for unistd.h
configure:17720: result: yes
configure:17720: checking limits.h usability
configure:17720: gcc -std=gnu99 -c -g -O2 -Wno-uninitialized -D_DARWIN_C_SOURCE -D_REENTRANT -D_THREAD_SAFE  conftest.c >&5
configure:17720: $? = 0
configure:17720: result: yes
configure:17720: checking limits.h presence
configure:17720: gcc -std=gnu99 -E -Wno-uninitialized -D_DARWIN_C_SOURCE -D_REENTRANT -D_THREAD_SAFE  conftest.c
configure:17720: $? = 0
configure:17720: result: yes
configure:17720: checking for limits.h
configure:17720: result: yes
configure:17734: checking ifaddrs.h usability
configure:17734: gcc -std=gnu99 -c -g -O2 -Wno-uninitialized -D_DARWIN_C_SOURCE -D_REENTRANT -D_THREAD_SAFE  conftest.c >&5
configure:17734: $? = 0
configure:17734: result: yes
configure:17734: checking ifaddrs.h presence
configure:17734: gcc -std=gnu99 -E -Wno-uninitialized -D_DARWIN_C_SOURCE -D_REENTRANT -D_THREAD_SAFE  conftest.c
configure:17734: $? = 0
configure:17734: result: yes
configure:17734: checking for ifaddrs.h
configure:17734: result: yes
configure:17755: checking for stdbool.h that conforms to C99
configure:17840: g++ -c -g -O2 -Wno-uninitialized -D_DARWIN_C_SOURCE -D_REENTRANT -D_THREAD_SAFE  conftest.cpp >&5
configure:17840: $? = 0
configure:17847: result: yes
configure:17849: checking for _Bool
configure:17849: g++ -c -g -O2 -Wno-uninitialized -D_DARWIN_C_SOURCE -D_REENTRANT -D_THREAD_SAFE  conftest.cpp >&5
conftest.cpp: In function 'int main()':
conftest.cpp:75: error: '_Bool' was not declared in this scope
configure:17849: $? = 1
configure: failed program was:
| /* confdefs.h */
| #define PACKAGE_NAME "zeromq"
| #define PACKAGE_TARNAME "zeromq"
| #define PACKAGE_VERSION "2.1.7"
| #define PACKAGE_STRING "zeromq 2.1.7"
| #define PACKAGE_BUGREPORT "zeromq-dev@lists.zeromq.org"
| #define PACKAGE_URL ""
| #define PACKAGE "zeromq"
| #define VERSION "2.1.7"
| #define STDC_HEADERS 1
| #define HAVE_SYS_TYPES_H 1
| #define HAVE_SYS_STAT_H 1
| #define HAVE_STDLIB_H 1
| #define HAVE_STRING_H 1
| #define HAVE_MEMORY_H 1
| #define HAVE_STRINGS_H 1
| #define HAVE_INTTYPES_H 1
| #define HAVE_STDINT_H 1
| #define HAVE_UNISTD_H 1
| #define HAVE_DLFCN_H 1
| #define LT_OBJDIR ".libs/"
| #define HAVE_LIBPTHREAD 1
| #define ZMQ_HAVE_OSX 1
| #define STDC_HEADERS 1
| #define HAVE_ERRNO_H 1
| #define HAVE_ARPA_INET_H 1
| #define HAVE_NETINET_TCP_H 1
| #define HAVE_NETINET_IN_H 1
| #define HAVE_STDDEF_H 1
| #define HAVE_STDLIB_H 1
| #define HAVE_STRING_H 1
| #define HAVE_SYS_SOCKET_H 1
| #define HAVE_SYS_TIME_H 1
| #define HAVE_UNISTD_H 1
| #define HAVE_LIMITS_H 1
| #define HAVE_IFADDRS_H 1
| #define ZMQ_HAVE_IFADDRS 1
| /* end confdefs.h.  */
| #include <stdio.h>
| #ifdef HAVE_SYS_TYPES_H
| # include <sys/types.h>
| #endif
| #ifdef HAVE_SYS_STAT_H
| # include <sys/stat.h>
| #endif
| #ifdef STDC_HEADERS
| # include <stdlib.h>
| # include <stddef.h>
| #else
| # ifdef HAVE_STDLIB_H
| #  include <stdlib.h>
| # endif
| #endif
| #ifdef HAVE_STRING_H
| # if !defined STDC_HEADERS && defined HAVE_MEMORY_H
| #  include <memory.h>
| # endif
| # include <string.h>
| #endif
| #ifdef HAVE_STRINGS_H
| # include <strings.h>
| #endif
| #ifdef HAVE_INTTYPES_H
| # include <inttypes.h>
| #endif
| #ifdef HAVE_STDINT_H
| # include <stdint.h>
| #endif
| #ifdef HAVE_UNISTD_H
| # include <unistd.h>
| #endif
| int
| main ()
| {
| if (sizeof (_Bool))
| 	 return 0;
|   ;
|   return 0;
| }
configure:17849: result: no
configure:17865: checking for an ANSI C-conforming const
configure:17930: g++ -c -g -O2 -Wno-uninitialized -D_DARWIN_C_SOURCE -D_REENTRANT -D_THREAD_SAFE  conftest.cpp >&5
configure:17930: $? = 0
configure:17937: result: yes
configure:17945: checking for inline
configure:17961: g++ -c -g -O2 -Wno-uninitialized -D_DARWIN_C_SOURCE -D_REENTRANT -D_THREAD_SAFE  conftest.cpp >&5
configure:17961: $? = 0
configure:17969: result: inline
configure:18036: checking for size_t
configure:18036: g++ -c -g -O2 -Wno-uninitialized -D_DARWIN_C_SOURCE -D_REENTRANT -D_THREAD_SAFE  conftest.cpp >&5
configure:18036: $? = 0
configure:18036: g++ -c -g -O2 -Wno-uninitialized -D_DARWIN_C_SOURCE -D_REENTRANT -D_THREAD_SAFE  conftest.cpp >&5
conftest.cpp: In function 'int main()':
conftest.cpp:76: error: expected primary-expression before ')' token
configure:18036: $? = 1
configure: failed program was:
| /* confdefs.h */
| #define PACKAGE_NAME "zeromq"
| #define PACKAGE_TARNAME "zeromq"
| #define PACKAGE_VERSION "2.1.7"
| #define PACKAGE_STRING "zeromq 2.1.7"
| #define PACKAGE_BUGREPORT "zeromq-dev@lists.zeromq.org"
| #define PACKAGE_URL ""
| #define PACKAGE "zeromq"
| #define VERSION "2.1.7"
| #define STDC_HEADERS 1
| #define HAVE_SYS_TYPES_H 1
| #define HAVE_SYS_STAT_H 1
| #define HAVE_STDLIB_H 1
| #define HAVE_STRING_H 1
| #define HAVE_MEMORY_H 1
| #define HAVE_STRINGS_H 1
| #define HAVE_INTTYPES_H 1
| #define HAVE_STDINT_H 1
| #define HAVE_UNISTD_H 1
| #define HAVE_DLFCN_H 1
| #define LT_OBJDIR ".libs/"
| #define HAVE_LIBPTHREAD 1
| #define ZMQ_HAVE_OSX 1
| #define STDC_HEADERS 1
| #define HAVE_ERRNO_H 1
| #define HAVE_ARPA_INET_H 1
| #define HAVE_NETINET_TCP_H 1
| #define HAVE_NETINET_IN_H 1
| #define HAVE_STDDEF_H 1
| #define HAVE_STDLIB_H 1
| #define HAVE_STRING_H 1
| #define HAVE_SYS_SOCKET_H 1
| #define HAVE_SYS_TIME_H 1
| #define HAVE_UNISTD_H 1
| #define HAVE_LIMITS_H 1
| #define HAVE_IFADDRS_H 1
| #define ZMQ_HAVE_IFADDRS 1
| #define HAVE_STDBOOL_H 1
| /* end confdefs.h.  */
| #include <stdio.h>
| #ifdef HAVE_SYS_TYPES_H
| # include <sys/types.h>
| #endif
| #ifdef HAVE_SYS_STAT_H
| # include <sys/stat.h>
| #endif
| #ifdef STDC_HEADERS
| # include <stdlib.h>
| # include <stddef.h>
| #else
| # ifdef HAVE_STDLIB_H
| #  include <stdlib.h>
| # endif
| #endif
| #ifdef HAVE_STRING_H
| # if !defined STDC_HEADERS && defined HAVE_MEMORY_H
| #  include <memory.h>
| # endif
| # include <string.h>
| #endif
| #ifdef HAVE_STRINGS_H
| # include <strings.h>
| #endif
| #ifdef HAVE_INTTYPES_H
| # include <inttypes.h>
| #endif
| #ifdef HAVE_STDINT_H
| # include <stdint.h>
| #endif
| #ifdef HAVE_UNISTD_H
| # include <unistd.h>
| #endif
| int
| main ()
| {
| if (sizeof ((size_t)))
| 	    return 0;
|   ;
|   return 0;
| }
configure:18036: result: yes
configure:18047: checking for ssize_t
configure:18047: g++ -c -g -O2 -Wno-uninitialized -D_DARWIN_C_SOURCE -D_REENTRANT -D_THREAD_SAFE  conftest.cpp >&5
configure:18047: $? = 0
configure:18047: g++ -c -g -O2 -Wno-uninitialized -D_DARWIN_C_SOURCE -D_REENTRANT -D_THREAD_SAFE  conftest.cpp >&5
conftest.cpp: In function 'int main()':
conftest.cpp:76: error: expected primary-expression before ')' token
configure:18047: $? = 1
configure: failed program was:
| /* confdefs.h */
| #define PACKAGE_NAME "zeromq"
| #define PACKAGE_TARNAME "zeromq"
| #define PACKAGE_VERSION "2.1.7"
| #define PACKAGE_STRING "zeromq 2.1.7"
| #define PACKAGE_BUGREPORT "zeromq-dev@lists.zeromq.org"
| #define PACKAGE_URL ""
| #define PACKAGE "zeromq"
| #define VERSION "2.1.7"
| #define STDC_HEADERS 1
| #define HAVE_SYS_TYPES_H 1
| #define HAVE_SYS_STAT_H 1
| #define HAVE_STDLIB_H 1
| #define HAVE_STRING_H 1
| #define HAVE_MEMORY_H 1
| #define HAVE_STRINGS_H 1
| #define HAVE_INTTYPES_H 1
| #define HAVE_STDINT_H 1
| #define HAVE_UNISTD_H 1
| #define HAVE_DLFCN_H 1
| #define LT_OBJDIR ".libs/"
| #define HAVE_LIBPTHREAD 1
| #define ZMQ_HAVE_OSX 1
| #define STDC_HEADERS 1
| #define HAVE_ERRNO_H 1
| #define HAVE_ARPA_INET_H 1
| #define HAVE_NETINET_TCP_H 1
| #define HAVE_NETINET_IN_H 1
| #define HAVE_STDDEF_H 1
| #define HAVE_STDLIB_H 1
| #define HAVE_STRING_H 1
| #define HAVE_SYS_SOCKET_H 1
| #define HAVE_SYS_TIME_H 1
| #define HAVE_UNISTD_H 1
| #define HAVE_LIMITS_H 1
| #define HAVE_IFADDRS_H 1
| #define ZMQ_HAVE_IFADDRS 1
| #define HAVE_STDBOOL_H 1
| /* end confdefs.h.  */
| #include <stdio.h>
| #ifdef HAVE_SYS_TYPES_H
| # include <sys/types.h>
| #endif
| #ifdef HAVE_SYS_STAT_H
| # include <sys/stat.h>
| #endif
| #ifdef STDC_HEADERS
| # include <stdlib.h>
| # include <stddef.h>
| #else
| # ifdef HAVE_STDLIB_H
| #  include <stdlib.h>
| # endif
| #endif
| #ifdef HAVE_STRING_H
| # if !defined STDC_HEADERS && defined HAVE_MEMORY_H
| #  include <memory.h>
| # endif
| # include <string.h>
| #endif
| #ifdef HAVE_STRINGS_H
| # include <strings.h>
| #endif
| #ifdef HAVE_INTTYPES_H
| # include <inttypes.h>
| #endif
| #ifdef HAVE_STDINT_H
| # include <stdint.h>
| #endif
| #ifdef HAVE_UNISTD_H
| # include <unistd.h>
| #endif
| int
| main ()
| {
| if (sizeof ((ssize_t)))
| 	    return 0;
|   ;
|   return 0;
| }
configure:18047: result: yes
configure:18059: checking whether time.h and sys/time.h may both be included
configure:18079: g++ -c -g -O2 -Wno-uninitialized -D_DARWIN_C_SOURCE -D_REENTRANT -D_THREAD_SAFE  conftest.cpp >&5
configure:18079: $? = 0
configure:18086: result: yes
configure:18094: checking for uint32_t
configure:18094: g++ -c -g -O2 -Wno-uninitialized -D_DARWIN_C_SOURCE -D_REENTRANT -D_THREAD_SAFE  conftest.cpp >&5
configure:18094: $? = 0
configure:18094: result: yes
configure:18108: checking for working volatile
configure:18127: g++ -c -g -O2 -Wno-uninitialized -D_DARWIN_C_SOURCE -D_REENTRANT -D_THREAD_SAFE  conftest.cpp >&5
configure:18127: $? = 0
configure:18134: result: yes
configure:18635: checking how to enable additional warnings for C++ compiler
configure:18670: result: -Wall
configure:18796: checking return type of signal handlers
configure:18814: g++ -c -g -O2 -Wall -Wno-uninitialized -D_DARWIN_C_SOURCE -D_REENTRANT -D_THREAD_SAFE  conftest.cpp >&5
conftest.cpp: In function 'int main()':
conftest.cpp:47: error: void value not ignored as it ought to be
configure:18814: $? = 1
configure: failed program was:
| /* confdefs.h */
| #define PACKAGE_NAME "zeromq"
| #define PACKAGE_TARNAME "zeromq"
| #define PACKAGE_VERSION "2.1.7"
| #define PACKAGE_STRING "zeromq 2.1.7"
| #define PACKAGE_BUGREPORT "zeromq-dev@lists.zeromq.org"
| #define PACKAGE_URL ""
| #define PACKAGE "zeromq"
| #define VERSION "2.1.7"
| #define STDC_HEADERS 1
| #define HAVE_SYS_TYPES_H 1
| #define HAVE_SYS_STAT_H 1
| #define HAVE_STDLIB_H 1
| #define HAVE_STRING_H 1
| #define HAVE_MEMORY_H 1
| #define HAVE_STRINGS_H 1
| #define HAVE_INTTYPES_H 1
| #define HAVE_STDINT_H 1
| #define HAVE_UNISTD_H 1
| #define HAVE_DLFCN_H 1
| #define LT_OBJDIR ".libs/"
| #define HAVE_LIBPTHREAD 1
| #define ZMQ_HAVE_OSX 1
| #define STDC_HEADERS 1
| #define HAVE_ERRNO_H 1
| #define HAVE_ARPA_INET_H 1
| #define HAVE_NETINET_TCP_H 1
| #define HAVE_NETINET_IN_H 1
| #define HAVE_STDDEF_H 1
| #define HAVE_STDLIB_H 1
| #define HAVE_STRING_H 1
| #define HAVE_SYS_SOCKET_H 1
| #define HAVE_SYS_TIME_H 1
| #define HAVE_UNISTD_H 1
| #define HAVE_LIMITS_H 1
| #define HAVE_IFADDRS_H 1
| #define ZMQ_HAVE_IFADDRS 1
| #define HAVE_STDBOOL_H 1
| #define TIME_WITH_SYS_TIME 1
| /* end confdefs.h.  */
| #include <sys/types.h>
| #include <signal.h>
| 
| int
| main ()
| {
| return *(signal (0, 0)) (0) == 1;
|   ;
|   return 0;
| }
configure:18821: result: void
configure:18832: checking for perror
configure:18832: g++ -o conftest -g -O2 -Wall -Wno-uninitialized -D_DARWIN_C_SOURCE -D_REENTRANT -D_THREAD_SAFE   conftest.cpp -lpthread  >&5
configure:18832: $? = 0
configure:18832: result: yes
configure:18832: checking for gettimeofday
configure:18832: g++ -o conftest -g -O2 -Wall -Wno-uninitialized -D_DARWIN_C_SOURCE -D_REENTRANT -D_THREAD_SAFE   conftest.cpp -lpthread  >&5
configure:18832: $? = 0
configure:18832: result: yes
configure:18832: checking for memset
configure:18832: g++ -o conftest -g -O2 -Wall -Wno-uninitialized -D_DARWIN_C_SOURCE -D_REENTRANT -D_THREAD_SAFE   conftest.cpp -lpthread  >&5
configure:18832: $? = 0
configure:18832: result: yes
configure:18832: checking for socket
configure:18832: g++ -o conftest -g -O2 -Wall -Wno-uninitialized -D_DARWIN_C_SOURCE -D_REENTRANT -D_THREAD_SAFE   conftest.cpp -lpthread  >&5
configure:18832: $? = 0
configure:18832: result: yes
configure:18832: checking for getifaddrs
configure:18832: g++ -o conftest -g -O2 -Wall -Wno-uninitialized -D_DARWIN_C_SOURCE -D_REENTRANT -D_THREAD_SAFE   conftest.cpp -lpthread  >&5
configure:18832: $? = 0
configure:18832: result: yes
configure:18832: checking for freeifaddrs
configure:18832: g++ -o conftest -g -O2 -Wall -Wno-uninitialized -D_DARWIN_C_SOURCE -D_REENTRANT -D_THREAD_SAFE   conftest.cpp -lpthread  >&5
configure:18832: $? = 0
configure:18832: result: yes
configure:18844: checking alloca.h usability
configure:18844: g++ -c -g -O2 -Wall -Wno-uninitialized -D_DARWIN_C_SOURCE -D_REENTRANT -D_THREAD_SAFE  conftest.cpp >&5
configure:18844: $? = 0
configure:18844: result: yes
configure:18844: checking alloca.h presence
configure:18844: g++ -E -Wall -Wno-uninitialized -D_DARWIN_C_SOURCE -D_REENTRANT -D_THREAD_SAFE  conftest.cpp
configure:18844: $? = 0
configure:18844: result: yes
configure:18844: checking for alloca.h
configure:18844: result: yes
configure:19005: creating ./config.status

## ---------------------- ##
## Running config.status. ##
## ---------------------- ##

This file was extended by zeromq config.status 2.1.7, which was
generated by GNU Autoconf 2.67.  Invocation command line was

  CONFIG_FILES    = 
  CONFIG_HEADERS  = 
  CONFIG_LINKS    = 
  CONFIG_COMMANDS = 
  $ ./config.status 

on Jim-Rubensteins-MacBook-Pro-2.local

config.status:1192: creating Makefile
config.status:1192: creating src/Makefile
config.status:1192: creating doc/Makefile
config.status:1192: creating perf/Makefile
config.status:1192: creating src/libzmq.pc
config.status:1192: creating builds/msvc/Makefile
config.status:1192: creating tests/Makefile
config.status:1192: creating foreign/openpgm/Makefile
config.status:1192: creating builds/redhat/zeromq.spec
config.status:1192: creating src/platform.hpp
config.status:1420: executing depfiles commands
config.status:1420: executing libtool commands

## ---------------- ##
## Cache variables. ##
## ---------------- ##

ac_cv_build=x86_64-apple-darwin10.8.0
ac_cv_c_compiler_gnu=yes
ac_cv_c_const=yes
ac_cv_c_inline=inline
ac_cv_c_uint32_t=yes
ac_cv_c_volatile=yes
ac_cv_cxx_compiler_gnu=yes
ac_cv_env_ASCIIDOC_set=
ac_cv_env_ASCIIDOC_value=
ac_cv_env_CCC_set=
ac_cv_env_CCC_value=
ac_cv_env_CC_set=
ac_cv_env_CC_value=
ac_cv_env_CFLAGS_set=
ac_cv_env_CFLAGS_value=
ac_cv_env_CPPFLAGS_set=
ac_cv_env_CPPFLAGS_value=
ac_cv_env_CPP_set=
ac_cv_env_CPP_value=
ac_cv_env_CXXCPP_set=
ac_cv_env_CXXCPP_value=
ac_cv_env_CXXFLAGS_set=
ac_cv_env_CXXFLAGS_value=
ac_cv_env_CXX_set=
ac_cv_env_CXX_value=
ac_cv_env_LDFLAGS_set=
ac_cv_env_LDFLAGS_value=
ac_cv_env_LIBS_set=
ac_cv_env_LIBS_value=
ac_cv_env_OpenPGM_CFLAGS_set=
ac_cv_env_OpenPGM_CFLAGS_value=
ac_cv_env_OpenPGM_LIBS_set=
ac_cv_env_OpenPGM_LIBS_value=
ac_cv_env_PKG_CONFIG_LIBDIR_set=
ac_cv_env_PKG_CONFIG_LIBDIR_value=
ac_cv_env_PKG_CONFIG_PATH_set=
ac_cv_env_PKG_CONFIG_PATH_value=
ac_cv_env_PKG_CONFIG_set=
ac_cv_env_PKG_CONFIG_value=
ac_cv_env_XMLTO_set=
ac_cv_env_XMLTO_value=
ac_cv_env_build_alias_set=
ac_cv_env_build_alias_value=
ac_cv_env_host_alias_set=
ac_cv_env_host_alias_value=
ac_cv_env_target_alias_set=
ac_cv_env_target_alias_value=
ac_cv_func_freeifaddrs=yes
ac_cv_func_getifaddrs=yes
ac_cv_func_gettimeofday=yes
ac_cv_func_memset=yes
ac_cv_func_perror=yes
ac_cv_func_socket=yes
ac_cv_header_alloca_h=yes
ac_cv_header_arpa_inet_h=yes
ac_cv_header_dlfcn_h=yes
ac_cv_header_errno_h=yes
ac_cv_header_ifaddrs_h=yes
ac_cv_header_inttypes_h=yes
ac_cv_header_limits_h=yes
ac_cv_header_memory_h=yes
ac_cv_header_netinet_in_h=yes
ac_cv_header_netinet_tcp_h=yes
ac_cv_header_stdbool_h=yes
ac_cv_header_stdc=yes
ac_cv_header_stddef_h=yes
ac_cv_header_stdint_h=yes
ac_cv_header_stdlib_h=yes
ac_cv_header_string_h=yes
ac_cv_header_strings_h=yes
ac_cv_header_sys_socket_h=yes
ac_cv_header_sys_stat_h=yes
ac_cv_header_sys_time_h=yes
ac_cv_header_sys_types_h=yes
ac_cv_header_time=yes
ac_cv_header_unistd_h=yes
ac_cv_host=x86_64-apple-darwin10.8.0
ac_cv_lib_pthread_pthread_create=yes
ac_cv_objext=o
ac_cv_path_EGREP='/usr/bin/grep -E'
ac_cv_path_FGREP='/usr/bin/grep -F'
ac_cv_path_GREP=/usr/bin/grep
ac_cv_path_SED=/opt/local/bin/gsed
ac_cv_path_install='/usr/bin/install -c'
ac_cv_prog_AWK=awk
ac_cv_prog_CPP='gcc -std=gnu99 -E'
ac_cv_prog_CXXCPP='g++ -E'
ac_cv_prog_ac_ct_AR=ar
ac_cv_prog_ac_ct_CC=gcc
ac_cv_prog_ac_ct_CXX=g++
ac_cv_prog_ac_ct_DSYMUTIL=dsymutil
ac_cv_prog_ac_ct_LIPO=lipo
ac_cv_prog_ac_ct_NMEDIT=nmedit
ac_cv_prog_ac_ct_OBJDUMP=objdump
ac_cv_prog_ac_ct_OTOOL=otool
ac_cv_prog_ac_ct_RANLIB=ranlib
ac_cv_prog_ac_ct_STRIP=strip
ac_cv_prog_cc_c89=
ac_cv_prog_cc_c99=-std=gnu99
ac_cv_prog_cc_g=yes
ac_cv_prog_cc_gcc_c_o=yes
ac_cv_prog_cxx_g=yes
ac_cv_prog_libzmq_have_asciidoc=no
ac_cv_prog_libzmq_have_xmlto=no
ac_cv_prog_make_make_set=yes
ac_cv_type__Bool=no
ac_cv_type_signal=void
ac_cv_type_size_t=yes
ac_cv_type_ssize_t=yes
am_cv_CC_dependencies_compiler_type=gcc3
am_cv_CXX_dependencies_compiler_type=gcc3
am_cv_prog_tar_ustar=gnutar
libzmq_cv_c_clang_compiler=no
libzmq_cv_c_compiler_works=yes
libzmq_cv_c_gcc4_compiler=yes
libzmq_cv_c_intel_compiler=no
libzmq_cv_c_sun_studio_compiler=no
libzmq_cv_check_lang_flag_save_CPPFLAGS='-Wno-uninitialized -D_DARWIN_C_SOURCE -D_REENTRANT -D_THREAD_SAFE '
libzmq_cv_cxx_clang_compiler=no
libzmq_cv_cxx_compiler_works=yes
libzmq_cv_cxx_gcc4_compiler=yes
libzmq_cv_cxx_intel_compiler=no
libzmq_cv_cxx_sun_studio_compiler=no
libzmq_cv_cxx_supports_flag__Wno_uninitialized=yes
libzmq_cv_cxx_supports_flag__fvisibility_hidden=yes
libzmq_cv_cxx_visibility_flag=-fvisibility=hidden
libzmq_cv_cxx_wall_flag=-Wall
libzmq_cv_cxx_werror_flag_save=
lt_cv_apple_cc_single_mod=yes
lt_cv_deplibs_check_method=pass_all
lt_cv_file_magic_cmd='$MAGIC_CMD'
lt_cv_file_magic_test_file=
lt_cv_ld_exported_symbols_list=yes
lt_cv_ld_reload_flag=-r
lt_cv_nm_interface='BSD nm'
lt_cv_objdir=.libs
lt_cv_path_LD=/usr/libexec/gcc/i686-apple-darwin10/4.2.1/ld
lt_cv_path_LDCXX=/usr/libexec/gcc/i686-apple-darwin10/4.2.1/ld
lt_cv_path_NM=/usr/bin/nm
lt_cv_prog_compiler_c_o=yes
lt_cv_prog_compiler_c_o_CXX=yes
lt_cv_prog_compiler_pic_works=yes
lt_cv_prog_compiler_pic_works_CXX=yes
lt_cv_prog_compiler_rtti_exceptions=no
lt_cv_prog_compiler_static_works=no
lt_cv_prog_compiler_static_works_CXX=no
lt_cv_prog_gnu_ld=no
lt_cv_prog_gnu_ldcxx=no
lt_cv_sys_global_symbol_pipe='sed -n -e '\''s/^.*[	 ]\([BCDEGRST][BCDEGRST]*\)[	 ][	 ]*_\([_A-Za-z][_A-Za-z0-9]*\)$/\1 _\2 \2/p'\'''
lt_cv_sys_global_symbol_to_c_name_address='sed -n -e '\''s/^: \([^ ]*\) $/  {\"\1\", (void *) 0},/p'\'' -e '\''s/^[BCDEGRST]* \([^ ]*\) \([^ ]*\)$/  {"\2", (void *) \&\2},/p'\'''
lt_cv_sys_global_symbol_to_c_name_address_lib_prefix='sed -n -e '\''s/^: \([^ ]*\) $/  {\"\1\", (void *) 0},/p'\'' -e '\''s/^[BCDEGRST]* \([^ ]*\) \(lib[^ ]*\)$/  {"\2", (void *) \&\2},/p'\'' -e '\''s/^[BCDEGRST]* \([^ ]*\) \([^ ]*\)$/  {"lib\2", (void *) \&\2},/p'\'''
lt_cv_sys_global_symbol_to_cdecl='sed -n -e '\''s/^T .* \(.*\)$/extern int \1();/p'\'' -e '\''s/^[BCDEGRST]* .* \(.*\)$/extern char \1;/p'\'''
lt_cv_sys_max_cmd_len=196608

## ----------------- ##
## Output variables. ##
## ----------------- ##

ACLOCAL='${SHELL} /Users/jrubenstein/Sites/storm/bin/zeromq-2.1.7/config/missing --run aclocal-1.11'
AMDEPBACKSLASH='\'
AMDEP_FALSE='#'
AMDEP_TRUE=''
AMTAR='${SHELL} /Users/jrubenstein/Sites/storm/bin/zeromq-2.1.7/config/missing --run tar'
AM_BACKSLASH='\'
AM_DEFAULT_VERBOSITY='0'
AR='ar'
AS='as'
ASCIIDOC=''
AUTOCONF='${SHELL} /Users/jrubenstein/Sites/storm/bin/zeromq-2.1.7/config/missing --run autoconf'
AUTOHEADER='${SHELL} /Users/jrubenstein/Sites/storm/bin/zeromq-2.1.7/config/missing --run autoheader'
AUTOMAKE='${SHELL} /Users/jrubenstein/Sites/storm/bin/zeromq-2.1.7/config/missing --run automake-1.11'
AWK='awk'
BUILD_DOC_FALSE=''
BUILD_DOC_TRUE='#'
BUILD_PGM_FALSE=''
BUILD_PGM_TRUE='#'
CC='gcc -std=gnu99'
CCDEPMODE='depmode=gcc3'
CFLAGS='-g -O2'
CPP='gcc -std=gnu99 -E'
CPPFLAGS='-Wall -Wno-uninitialized -D_DARWIN_C_SOURCE -D_REENTRANT -D_THREAD_SAFE '
CXX='g++'
CXXCPP='g++ -E'
CXXDEPMODE='depmode=gcc3'
CXXFLAGS='-g -O2'
CYGPATH_W='echo'
DEFS='-DHAVE_CONFIG_H'
DEPDIR='.deps'
DLLTOOL='dlltool'
DSYMUTIL='dsymutil'
DUMPBIN=''
ECHO_C='\c'
ECHO_N=''
ECHO_T=''
EGREP='/usr/bin/grep -E'
EXEEXT=''
FGREP='/usr/bin/grep -F'
GREP='/usr/bin/grep'
INSTALL_DATA='${INSTALL} -m 644'
INSTALL_MAN_FALSE='#'
INSTALL_MAN_TRUE=''
INSTALL_PROGRAM='${INSTALL}'
INSTALL_SCRIPT='${INSTALL}'
INSTALL_STRIP_PROGRAM='$(install_sh) -c -s'
LD='/usr/libexec/gcc/i686-apple-darwin10/4.2.1/ld'
LDFLAGS=''
LIBOBJS=''
LIBS='-lpthread '
LIBTOOL='$(SHELL) $(top_builddir)/libtool'
LIBZMQ_EXTRA_CFLAGS=''
LIBZMQ_EXTRA_CXXFLAGS='-fvisibility=hidden '
LIBZMQ_EXTRA_LDFLAGS=''
LIPO='lipo'
LN_S='ln -s'
LTLIBOBJS=''
LTVER='1:0:0'
MAKEINFO='${SHELL} /Users/jrubenstein/Sites/storm/bin/zeromq-2.1.7/config/missing --run makeinfo'
MKDIR_P='config/install-sh -c -d'
NM='/usr/bin/nm'
NMEDIT='nmedit'
OBJDUMP='objdump'
OBJEXT='o'
ON_MINGW_FALSE=''
ON_MINGW_TRUE='#'
OTOOL64=':'
OTOOL='otool'
OpenPGM_CFLAGS=''
OpenPGM_LIBS=''
PACKAGE='zeromq'
PACKAGE_BUGREPORT='zeromq-dev@lists.zeromq.org'
PACKAGE_NAME='zeromq'
PACKAGE_STRING='zeromq 2.1.7'
PACKAGE_TARNAME='zeromq'
PACKAGE_URL=''
PACKAGE_VERSION='2.1.7'
PATH_SEPARATOR=':'
PKG_CONFIG=''
PKG_CONFIG_LIBDIR=''
PKG_CONFIG_PATH=''
RANLIB='ranlib'
SED='/opt/local/bin/gsed'
SET_MAKE=''
SHELL='/bin/sh'
STRIP='strip'
VERSION='2.1.7'
XMLTO=''
ac_ct_CC='gcc'
ac_ct_CXX='g++'
ac_ct_DUMPBIN=''
am__EXEEXT_FALSE=''
am__EXEEXT_TRUE='#'
am__fastdepCC_FALSE='#'
am__fastdepCC_TRUE=''
am__fastdepCXX_FALSE='#'
am__fastdepCXX_TRUE=''
am__include='include'
am__isrc=''
am__leading_dot='.'
am__quote=''
am__tar='tar --format=ustar -chf - "$$tardir"'
am__untar='tar -xf -'
bindir='${exec_prefix}/bin'
build='x86_64-apple-darwin10.8.0'
build_alias=''
build_cpu='x86_64'
build_os='darwin10.8.0'
build_vendor='apple'
datadir='${datarootdir}'
datarootdir='${prefix}/share'
docdir='${datarootdir}/doc/${PACKAGE_TARNAME}'
dvidir='${docdir}'
exec_prefix='${prefix}'
host='x86_64-apple-darwin10.8.0'
host_alias=''
host_cpu='x86_64'
host_os='darwin10.8.0'
host_vendor='apple'
htmldir='${docdir}'
includedir='${prefix}/include'
infodir='${datarootdir}/info'
install_sh='${SHELL} /Users/jrubenstein/Sites/storm/bin/zeromq-2.1.7/config/install-sh'
libdir='${exec_prefix}/lib'
libexecdir='${exec_prefix}/libexec'
libzmq_have_asciidoc='no'
libzmq_have_xmlto='no'
localedir='${datarootdir}/locale'
localstatedir='${prefix}/var'
lt_ECHO='/bin/echo'
mandir='${datarootdir}/man'
mkdir_p='$(top_builddir)/config/install-sh -c -d'
oldincludedir='/usr/include'
pdfdir='${docdir}'
pgm_basename='libpgm-5.1.115~dfsg'
pgm_srcdir=''
pgm_subdir=''
prefix='/usr/local'
program_transform_name='s,x,x,'
psdir='${docdir}'
sbindir='${exec_prefix}/sbin'
sharedstatedir='${prefix}/com'
subdirs=''
sysconfdir='${prefix}/etc'
target_alias=''

## ----------- ##
## confdefs.h. ##
## ----------- ##

/* confdefs.h */
#define PACKAGE_NAME "zeromq"
#define PACKAGE_TARNAME "zeromq"
#define PACKAGE_VERSION "2.1.7"
#define PACKAGE_STRING "zeromq 2.1.7"
#define PACKAGE_BUGREPORT "zeromq-dev@lists.zeromq.org"
#define PACKAGE_URL ""
#define PACKAGE "zeromq"
#define VERSION "2.1.7"
#define STDC_HEADERS 1
#define HAVE_SYS_TYPES_H 1
#define HAVE_SYS_STAT_H 1
#define HAVE_STDLIB_H 1
#define HAVE_STRING_H 1
#define HAVE_MEMORY_H 1
#define HAVE_STRINGS_H 1
#define HAVE_INTTYPES_H 1
#define HAVE_STDINT_H 1
#define HAVE_UNISTD_H 1
#define HAVE_DLFCN_H 1
#define LT_OBJDIR ".libs/"
#define HAVE_LIBPTHREAD 1
#define ZMQ_HAVE_OSX 1
#define STDC_HEADERS 1
#define HAVE_ERRNO_H 1
#define HAVE_ARPA_INET_H 1
#define HAVE_NETINET_TCP_H 1
#define HAVE_NETINET_IN_H 1
#define HAVE_STDDEF_H 1
#define HAVE_STDLIB_H 1
#define HAVE_STRING_H 1
#define HAVE_SYS_SOCKET_H 1
#define HAVE_SYS_TIME_H 1
#define HAVE_UNISTD_H 1
#define HAVE_LIMITS_H 1
#define HAVE_IFADDRS_H 1
#define ZMQ_HAVE_IFADDRS 1
#define HAVE_STDBOOL_H 1
#define TIME_WITH_SYS_TIME 1
#define RETSIGTYPE void
#define HAVE_PERROR 1
#define HAVE_GETTIMEOFDAY 1
#define HAVE_MEMSET 1
#define HAVE_SOCKET 1
#define HAVE_GETIFADDRS 1
#define HAVE_FREEIFADDRS 1
#define HAVE_ALLOCA_H 1

configure: exit 0
